[23-Feb-2025 12:25:19 UTC] Starting processing feed: https://wordpress.com/blog/feed/<br/>
[23-Feb-2025 12:25:19 UTC] Number of items discovered: 10<br/>
[23-Feb-2025 12:25:19 UTC] Getting full content from: https://wordpress.com/blog/2025/02/20/why-we-redesigned-our-blog/<br/>
[23-Feb-2025 12:25:20 UTC] Getting full content from: https://wordpress.com/blog/2025/02/13/color-accessibility/<br/>
[23-Feb-2025 12:25:22 UTC] Getting full content from: https://wordpress.com/blog/2025/02/12/100-year-domains-plans/<br/>
[23-Feb-2025 12:25:23 UTC] Getting full content from: https://wordpress.com/blog/2025/02/06/does-my-business-need-website/<br/>
[23-Feb-2025 12:25:25 UTC] Getting full content from: https://wordpress.com/blog/2025/02/05/header-tags/<br/>
[23-Feb-2025 12:25:26 UTC] Getting full content from: https://wordpress.com/blog/2025/02/04/increase-website-traffic/<br/>
[23-Feb-2025 12:25:28 UTC] Getting full content from: https://wordpress.com/blog/2025/01/30/increase-blog-traffic/<br/>
[23-Feb-2025 12:25:29 UTC] Getting full content from: https://wordpress.com/blog/2025/01/29/how-to-make-a-website/<br/>
[23-Feb-2025 12:25:31 UTC] Getting full content from: https://wordpress.com/blog/2025/01/28/wordpress-com-domain-bluesky-handle/<br/>
[23-Feb-2025 12:25:33 UTC] Getting full content from: https://wordpress.com/blog/2025/01/22/interface-update/<br/>
[23-Feb-2025 12:25:35 UTC] Rule ID 0 for https://wordpress.com/blog/feed/ succesfully run! 10 posts created!<br/>
[23-Feb-2025 12:28:16 UTC] [PostDelete] Successfuly deleted 10 posts for rule id: 0<br/>
[23-Feb-2025 12:28:23 UTC] Starting processing feed: https://wordpress.com/blog/feed/<br/>
[23-Feb-2025 12:28:23 UTC] Number of items discovered: 10<br/>
[23-Feb-2025 12:28:23 UTC] Getting full content from: https://wordpress.com/blog/2025/02/20/why-we-redesigned-our-blog/<br/>
[23-Feb-2025 12:28:24 UTC] Getting full content from: https://wordpress.com/blog/2025/02/13/color-accessibility/<br/>
[23-Feb-2025 12:28:26 UTC] Getting full content from: https://wordpress.com/blog/2025/02/12/100-year-domains-plans/<br/>
[23-Feb-2025 12:28:27 UTC] Getting full content from: https://wordpress.com/blog/2025/02/06/does-my-business-need-website/<br/>
[23-Feb-2025 12:28:28 UTC] Getting full content from: https://wordpress.com/blog/2025/02/05/header-tags/<br/>
[23-Feb-2025 12:28:29 UTC] Getting full content from: https://wordpress.com/blog/2025/02/04/increase-website-traffic/<br/>
[23-Feb-2025 12:28:31 UTC] Getting full content from: https://wordpress.com/blog/2025/01/30/increase-blog-traffic/<br/>
[23-Feb-2025 12:28:32 UTC] Getting full content from: https://wordpress.com/blog/2025/01/29/how-to-make-a-website/<br/>
[23-Feb-2025 12:28:33 UTC] Getting full content from: https://wordpress.com/blog/2025/01/28/wordpress-com-domain-bluesky-handle/<br/>
[23-Feb-2025 12:28:35 UTC] Getting full content from: https://wordpress.com/blog/2025/01/22/interface-update/<br/>
[23-Feb-2025 12:28:37 UTC] Rule ID 0 for https://wordpress.com/blog/feed/ succesfully run! 10 posts created!<br/>
[23-Feb-2025 12:35:09 UTC] [PostDelete] Successfuly deleted 10 posts for rule id: 0<br/>
[23-Feb-2025 12:35:13 UTC] Starting processing feed: https://wordpress.com/blog/feed/<br/>
[23-Feb-2025 12:35:14 UTC] Number of items discovered: 10<br/>
[23-Feb-2025 12:35:14 UTC] Getting full content from: https://wordpress.com/blog/2025/02/20/why-we-redesigned-our-blog/<br/>
[23-Feb-2025 12:35:14 UTC] Getting full content from: https://wordpress.com/blog/2025/02/13/color-accessibility/<br/>
[23-Feb-2025 12:35:15 UTC] Getting full content from: https://wordpress.com/blog/2025/02/12/100-year-domains-plans/<br/>
[23-Feb-2025 12:35:16 UTC] Getting full content from: https://wordpress.com/blog/2025/02/06/does-my-business-need-website/<br/>
[23-Feb-2025 12:35:17 UTC] Getting full content from: https://wordpress.com/blog/2025/02/05/header-tags/<br/>
[23-Feb-2025 12:35:17 UTC] Getting full content from: https://wordpress.com/blog/2025/02/04/increase-website-traffic/<br/>
[23-Feb-2025 12:35:18 UTC] Getting full content from: https://wordpress.com/blog/2025/01/30/increase-blog-traffic/<br/>
[23-Feb-2025 12:35:19 UTC] Getting full content from: https://wordpress.com/blog/2025/01/29/how-to-make-a-website/<br/>
[23-Feb-2025 12:35:20 UTC] Getting full content from: https://wordpress.com/blog/2025/01/28/wordpress-com-domain-bluesky-handle/<br/>
[23-Feb-2025 12:35:21 UTC] Getting full content from: https://wordpress.com/blog/2025/01/22/interface-update/<br/>
[23-Feb-2025 12:35:22 UTC] Rule ID 0 for https://wordpress.com/blog/feed/ succesfully run! 10 posts created!<br/>
[23-Feb-2025 12:36:27 UTC] [PostDelete] Successfuly deleted 10 posts for rule id: 0<br/>
[23-Feb-2025 12:36:34 UTC] Starting processing feed: https://wordpress.com/blog/feed/<br/>
[23-Feb-2025 12:36:35 UTC] Number of items discovered: 10<br/>
[23-Feb-2025 12:36:35 UTC] Getting full content from: https://wordpress.com/blog/2025/02/20/why-we-redesigned-our-blog/<br/>
[23-Feb-2025 12:36:36 UTC] Getting full content from: https://wordpress.com/blog/2025/02/13/color-accessibility/<br/>
[23-Feb-2025 12:36:37 UTC] Getting full content from: https://wordpress.com/blog/2025/02/12/100-year-domains-plans/<br/>
[23-Feb-2025 12:36:38 UTC] Getting full content from: https://wordpress.com/blog/2025/02/06/does-my-business-need-website/<br/>
[23-Feb-2025 12:36:40 UTC] Getting full content from: https://wordpress.com/blog/2025/02/05/header-tags/<br/>
[23-Feb-2025 12:36:41 UTC] Getting full content from: https://wordpress.com/blog/2025/02/04/increase-website-traffic/<br/>
[23-Feb-2025 12:36:43 UTC] Getting full content from: https://wordpress.com/blog/2025/01/30/increase-blog-traffic/<br/>
[23-Feb-2025 12:36:44 UTC] Getting full content from: https://wordpress.com/blog/2025/01/29/how-to-make-a-website/<br/>
[23-Feb-2025 12:36:45 UTC] Getting full content from: https://wordpress.com/blog/2025/01/28/wordpress-com-domain-bluesky-handle/<br/>
[23-Feb-2025 12:36:47 UTC] Getting full content from: https://wordpress.com/blog/2025/01/22/interface-update/<br/>
[23-Feb-2025 12:36:49 UTC] Rule ID 0 for https://wordpress.com/blog/feed/ succesfully run! 10 posts created!<br/>
[23-Feb-2025 12:38:53 UTC] [PostDelete] Successfuly deleted 10 posts for rule id: 0<br/>
[23-Feb-2025 12:39:21 UTC] [PostDelete] Successfuly deleted 0 posts for rule id: 0<br/>
[23-Feb-2025 12:40:09 UTC] Starting processing feed: https://wordpress.com/blog/feed/<br/>
[23-Feb-2025 12:40:10 UTC] Number of items discovered: 10<br/>
[23-Feb-2025 12:40:10 UTC] Getting full content from: https://wordpress.com/blog/2025/02/20/why-we-redesigned-our-blog/<br/>
[23-Feb-2025 12:40:11 UTC] Getting full content from: https://wordpress.com/blog/2025/02/13/color-accessibility/<br/>
[23-Feb-2025 12:40:13 UTC] Getting full content from: https://wordpress.com/blog/2025/02/12/100-year-domains-plans/<br/>
[23-Feb-2025 12:40:14 UTC] Getting full content from: https://wordpress.com/blog/2025/02/06/does-my-business-need-website/<br/>
[23-Feb-2025 12:40:15 UTC] Getting full content from: https://wordpress.com/blog/2025/02/05/header-tags/<br/>
[23-Feb-2025 12:40:16 UTC] Getting full content from: https://wordpress.com/blog/2025/02/04/increase-website-traffic/<br/>
[23-Feb-2025 12:40:18 UTC] Getting full content from: https://wordpress.com/blog/2025/01/30/increase-blog-traffic/<br/>
[23-Feb-2025 12:40:19 UTC] Getting full content from: https://wordpress.com/blog/2025/01/29/how-to-make-a-website/<br/>
[23-Feb-2025 12:40:20 UTC] Getting full content from: https://wordpress.com/blog/2025/01/28/wordpress-com-domain-bluesky-handle/<br/>
[23-Feb-2025 12:40:22 UTC] Getting full content from: https://wordpress.com/blog/2025/01/22/interface-update/<br/>
[23-Feb-2025 12:40:24 UTC] Rule ID 0 for https://wordpress.com/blog/feed/ succesfully run! 10 posts created!<br/>
[23-Feb-2025 12:46:25 UTC] [PostDelete] Successfuly deleted 10 posts for rule id: 0<br/>
[23-Feb-2025 12:46:37 UTC] Starting processing feed: https://wordpress.com/blog/feed/<br/>
[23-Feb-2025 12:46:37 UTC] Number of items discovered: 10<br/>
[23-Feb-2025 12:46:37 UTC] Getting full content from: https://wordpress.com/blog/2025/02/20/why-we-redesigned-our-blog/<br/>
[23-Feb-2025 12:46:39 UTC] echo_generate_featured_image failed for https://wordpress.com/blog/2025/02/20/why-we-redesigned-our-blog/old-wordpress-com-blog-homepage-design<br/>
[23-Feb-2025 12:46:39 UTC] Getting full content from: https://wordpress.com/blog/2025/02/13/color-accessibility/<br/>
[23-Feb-2025 12:46:40 UTC] echo_generate_featured_image failed for https://wordpress.com/blog/2025/02/13/color-accessibility/webaim-footer<br/>
[23-Feb-2025 12:46:40 UTC] Getting full content from: https://wordpress.com/blog/2025/02/12/100-year-domains-plans/<br/>
[23-Feb-2025 12:46:41 UTC] echo_generate_featured_image failed for https://wordpress.com/blog/2025/02/12/100-year-domains-plans/blog-header2x-4<br/>
[23-Feb-2025 12:46:41 UTC] Getting full content from: https://wordpress.com/blog/2025/02/06/does-my-business-need-website/<br/>
[23-Feb-2025 12:46:42 UTC] Getting full content from: https://wordpress.com/blog/2025/02/05/header-tags/<br/>
[23-Feb-2025 12:46:43 UTC] Getting full content from: https://wordpress.com/blog/2025/02/04/increase-website-traffic/<br/>
[23-Feb-2025 12:46:45 UTC] echo_generate_featured_image failed for https://wordpress.com/blog/2025/02/04/increase-website-traffic/google-keyword-planner-keyword-research<br/>
[23-Feb-2025 12:46:45 UTC] Getting full content from: https://wordpress.com/blog/2025/01/30/increase-blog-traffic/<br/>
[23-Feb-2025 12:46:47 UTC] echo_generate_featured_image failed for https://wordpress.com/blog/2025/01/30/increase-blog-traffic/uber-suggest-increase-blog-traffic<br/>
[23-Feb-2025 12:46:47 UTC] Getting full content from: https://wordpress.com/blog/2025/01/29/how-to-make-a-website/<br/>
[23-Feb-2025 12:46:49 UTC] echo_generate_featured_image failed for https://wordpress.com/blog/2025/01/29/how-to-make-a-website/different-types-of-websites<br/>
[23-Feb-2025 12:46:49 UTC] Getting full content from: https://wordpress.com/blog/2025/01/28/wordpress-com-domain-bluesky-handle/<br/>
[23-Feb-2025 12:46:52 UTC] echo_generate_featured_image failed for https://wordpress.com/blog/2025/01/28/wordpress-com-domain-bluesky-handle/bluesky-profile-with-domain-handle<br/>
[23-Feb-2025 12:46:52 UTC] Getting full content from: https://wordpress.com/blog/2025/01/22/interface-update/<br/>
[23-Feb-2025 12:46:54 UTC] echo_generate_featured_image failed for https://wordpress.com/blog/2025/01/22/interface-update/wp-admin-untangling-feature-2<br/>
[23-Feb-2025 12:46:54 UTC] Rule ID 0 for https://wordpress.com/blog/feed/ succesfully run! 10 posts created!<br/>
[23-Feb-2025 12:50:06 UTC] [PostDelete] Successfuly deleted 10 posts for rule id: 0<br/>
[23-Feb-2025 12:50:14 UTC] Starting processing feed: https://wordpress.com/blog/feed/<br/>
[23-Feb-2025 12:50:14 UTC] Number of items discovered: 10<br/>
[23-Feb-2025 12:50:14 UTC] Getting full content from: https://wordpress.com/blog/2025/02/20/why-we-redesigned-our-blog/<br/>
[23-Feb-2025 12:50:15 UTC] Getting full content from: https://wordpress.com/blog/2025/02/13/color-accessibility/<br/>
[23-Feb-2025 12:50:15 UTC] Getting full content from: https://wordpress.com/blog/2025/02/12/100-year-domains-plans/<br/>
[23-Feb-2025 12:50:16 UTC] Getting full content from: https://wordpress.com/blog/2025/02/06/does-my-business-need-website/<br/>
[23-Feb-2025 12:50:17 UTC] Getting full content from: https://wordpress.com/blog/2025/02/05/header-tags/<br/>
[23-Feb-2025 12:50:18 UTC] Getting full content from: https://wordpress.com/blog/2025/02/04/increase-website-traffic/<br/>
[23-Feb-2025 12:50:19 UTC] Getting full content from: https://wordpress.com/blog/2025/01/30/increase-blog-traffic/<br/>
[23-Feb-2025 12:50:20 UTC] Getting full content from: https://wordpress.com/blog/2025/01/29/how-to-make-a-website/<br/>
[23-Feb-2025 12:50:21 UTC] Getting full content from: https://wordpress.com/blog/2025/01/28/wordpress-com-domain-bluesky-handle/<br/>
[23-Feb-2025 12:50:21 UTC] Getting full content from: https://wordpress.com/blog/2025/01/22/interface-update/<br/>
[23-Feb-2025 12:50:22 UTC] Rule ID 0 for https://wordpress.com/blog/feed/ succesfully run! 10 posts created!<br/>
[23-Feb-2025 12:59:06 UTC] Starting processing feed: https://www.wpbeginner.com/feed/<br/>
[23-Feb-2025 12:59:09 UTC] Number of items discovered: 3<br/>
[23-Feb-2025 12:59:11 UTC] Rule ID 1 for https://www.wpbeginner.com/feed/ succesfully run! 3 posts created!<br/>
[23-Feb-2025 13:00:11 UTC] [PostDelete] Successfuly deleted 10 posts for rule id: 0<br/>
[23-Feb-2025 13:01:15 UTC] [PostDelete] Successfuly deleted 0 posts for rule id: 0<br/>
[23-Feb-2025 13:01:22 UTC] [PostDelete] Successfuly deleted 0 posts for rule id: 0<br/>
[23-Feb-2025 13:01:26 UTC] Starting processing feed: https://www.wpbeginner.com/feed/<br/>
[23-Feb-2025 13:01:28 UTC] Number of items discovered: 3<br/>
[23-Feb-2025 13:01:28 UTC] Skipping post "How to Find and Remove Spam Link Injection in WordPress", because it is already posted<br/>
[23-Feb-2025 13:01:28 UTC] Skipping post "How to Sell Product Bundles in WooCommerce (Step by Step)", because it is already posted<br/>
[23-Feb-2025 13:01:28 UTC] Skipping post "How to Test Stripe Payments on a WordPress Site (3 Easy Methods)", because it is already posted<br/>
[23-Feb-2025 13:01:28 UTC] Rule ID 0 for https://www.wpbeginner.com/feed/ succesfully run! 0 posts created!<br/>
[23-Feb-2025 13:01:59 UTC] Starting processing feed: https://www.wpbeginner.com/feed/<br/>
[23-Feb-2025 13:02:00 UTC] Number of items discovered: 3<br/>
[23-Feb-2025 13:02:00 UTC] Skipping post "How to Find and Remove Spam Link Injection in WordPress", because it is already posted<br/>
[23-Feb-2025 13:02:00 UTC] Skipping post "How to Sell Product Bundles in WooCommerce (Step by Step)", because it is already posted<br/>
[23-Feb-2025 13:02:00 UTC] Skipping post "How to Test Stripe Payments on a WordPress Site (3 Easy Methods)", because it is already posted<br/>
[23-Feb-2025 13:02:00 UTC] Rule ID 0 for https://www.wpbeginner.com/feed/ succesfully run! 0 posts created!<br/>
[24-Feb-2025 17:25:41 UTC] Starting processing feed: https://www.wpbeginner.com/feed/<br/>
[24-Feb-2025 17:25:43 UTC] Number of items discovered: 3<br/>
[24-Feb-2025 17:25:44 UTC] Skipping post "How to Find and Remove Spam Link Injection in WordPress", because it is already posted<br/>
[24-Feb-2025 17:25:44 UTC] Skipping post "How to Sell Product Bundles in WooCommerce (Step by Step)", because it is already posted<br/>
[24-Feb-2025 17:25:44 UTC] Rule ID 0 for https://www.wpbeginner.com/feed/ succesfully run! 1 posts created!<br/>
[24-Feb-2025 17:27:38 UTC] [PostDelete] Successfuly deleted 1 posts for rule id: 0<br/>
[24-Feb-2025 17:27:43 UTC] Starting processing feed: https://www.wpbeginner.com/feed/<br/>
[24-Feb-2025 17:27:44 UTC] Number of items discovered: 3<br/>
[24-Feb-2025 17:27:45 UTC] Skipping post "How to Find and Remove Spam Link Injection in WordPress", because it is already posted<br/>
[24-Feb-2025 17:27:45 UTC] Skipping post "How to Sell Product Bundles in WooCommerce (Step by Step)", because it is already posted<br/>
[24-Feb-2025 17:27:45 UTC] Rule ID 0 for https://www.wpbeginner.com/feed/ succesfully run! 1 posts created!<br/>
