2025-02-25T07:45:07+00:00 DEBUG 
====Stripe Version: 9.2.0====
====Stripe Plugin API Version: 2024-06-20====
====Start Log====
account
====End Log====

2025-02-25T07:45:08+00:00 DEBUG 
====Stripe Version: 9.2.0====
====Stripe Plugin API Version: 2024-06-20====
====Start Log====
account
====End Log====

2025-02-25T07:45:08+00:00 DEBUG 
====Stripe Version: 9.2.0====
====Stripe Plugin API Version: 2024-06-20====
====Start Log====
account
====End Log====

2025-02-25T07:45:09+00:00 DEBUG 
====Stripe Version: 9.2.0====
====Stripe Plugin API Version: 2024-06-20====
====Start Log====
account
====End Log====

2025-02-25T07:45:10+00:00 DEBUG 
====Stripe Version: 9.2.0====
====Stripe Plugin API Version: 2024-06-20====
====Start Log====
account
====End Log====

2025-02-25T07:45:10+00:00 DEBUG 
====Stripe Version: 9.2.0====
====Stripe Plugin API Version: 2024-06-20====
====Start Log====
account
====End Log====

2025-02-25T07:45:11+00:00 DEBUG 
====Stripe Version: 9.2.0====
====Stripe Plugin API Version: 2024-06-20====
====Start Log====
account
====End Log====

2025-02-25T07:45:12+00:00 DEBUG 
====Stripe Version: 9.2.0====
====Stripe Plugin API Version: 2024-06-20====
====Start Log====
account
====End Log====

2025-02-25T10:24:22+00:00 DEBUG 
====Stripe Version: 9.2.0====
====Stripe Plugin API Version: 2024-06-20====
====Start Log====
account
====End Log====

2025-02-25T10:24:22+00:00 DEBUG 
====Stripe Version: 9.2.0====
====Stripe Plugin API Version: 2024-06-20====
====Start Log====
account
====End Log====

2025-02-25T10:24:22+00:00 DEBUG 
====Stripe Version: 9.2.0====
====Stripe Plugin API Version: 2024-06-20====
====Start Log====
account
====End Log====

2025-02-25T10:24:22+00:00 DEBUG 
====Stripe Version: 9.2.0====
====Stripe Plugin API Version: 2024-06-20====
====Start Log====
account
====End Log====

2025-02-25T10:24:23+00:00 DEBUG 
====Stripe Version: 9.2.0====
====Stripe Plugin API Version: 2024-06-20====
====Start Log====
account
====End Log====

2025-02-25T10:24:23+00:00 DEBUG 
====Stripe Version: 9.2.0====
====Stripe Plugin API Version: 2024-06-20====
====Start Log====
account
====End Log====

2025-02-25T10:24:23+00:00 DEBUG 
====Stripe Version: 9.2.0====
====Stripe Plugin API Version: 2024-06-20====
====Start Log====
account
====End Log====

2025-02-25T10:24:23+00:00 DEBUG 
====Stripe Version: 9.2.0====
====Stripe Plugin API Version: 2024-06-20====
====Start Log====
account
====End Log====

2025-02-25T10:24:24+00:00 DEBUG 
====Stripe Version: 9.2.0====
====Stripe Plugin API Version: 2024-06-20====
====Start Log====
account
====End Log====

2025-02-25T10:24:24+00:00 DEBUG 
====Stripe Version: 9.2.0====
====Stripe Plugin API Version: 2024-06-20====
====Start Log====
account
====End Log====

2025-02-25T10:24:24+00:00 DEBUG 
====Stripe Version: 9.2.0====
====Stripe Plugin API Version: 2024-06-20====
====Start Log====
account
====End Log====

2025-02-25T10:24:24+00:00 DEBUG 
====Stripe Version: 9.2.0====
====Stripe Plugin API Version: 2024-06-20====
====Start Log====
account
====End Log====

2025-02-25T10:24:24+00:00 DEBUG 
====Stripe Version: 9.2.0====
====Stripe Plugin API Version: 2024-06-20====
====Start Log====
account
====End Log====

2025-02-25T10:24:25+00:00 DEBUG 
====Stripe Version: 9.2.0====
====Stripe Plugin API Version: 2024-06-20====
====Start Log====
account
====End Log====

2025-02-25T10:24:25+00:00 DEBUG 
====Stripe Version: 9.2.0====
====Stripe Plugin API Version: 2024-06-20====
====Start Log====
account
====End Log====

2025-02-25T10:24:25+00:00 DEBUG 
====Stripe Version: 9.2.0====
====Stripe Plugin API Version: 2024-06-20====
====Start Log====
account
====End Log====

2025-02-25T10:24:25+00:00 DEBUG 
====Stripe Version: 9.2.0====
====Stripe Plugin API Version: 2024-06-20====
====Start Log====
account
====End Log====

2025-02-25T10:24:25+00:00 DEBUG 
====Stripe Version: 9.2.0====
====Stripe Plugin API Version: 2024-06-20====
====Start Log====
account
====End Log====

2025-02-25T10:24:26+00:00 DEBUG 
====Stripe Version: 9.2.0====
====Stripe Plugin API Version: 2024-06-20====
====Start Log====
account
====End Log====

2025-02-25T10:24:26+00:00 DEBUG 
====Stripe Version: 9.2.0====
====Stripe Plugin API Version: 2024-06-20====
====Start Log====
account
====End Log====

2025-02-25T10:24:26+00:00 DEBUG 
====Stripe Version: 9.2.0====
====Stripe Plugin API Version: 2024-06-20====
====Start Log====
account
====End Log====

2025-02-25T10:24:26+00:00 DEBUG 
====Stripe Version: 9.2.0====
====Stripe Plugin API Version: 2024-06-20====
====Start Log====
account
====End Log====

2025-02-25T12:24:36+00:00 DEBUG 
====Stripe Version: 9.2.0====
====Stripe Plugin API Version: 2024-06-20====
====Start Log====
account
====End Log====

2025-02-25T14:25:28+00:00 DEBUG 
====Stripe Version: 9.2.0====
====Stripe Plugin API Version: 2024-06-20====
====Start Log====
account
====End Log====

2025-02-25T14:25:29+00:00 DEBUG 
====Stripe Version: 9.2.0====
====Stripe Plugin API Version: 2024-06-20====
====Start Log====
account
====End Log====

2025-02-25T14:25:30+00:00 DEBUG 
====Stripe Version: 9.2.0====
====Stripe Plugin API Version: 2024-06-20====
====Start Log====
account
====End Log====

2025-02-25T14:25:30+00:00 DEBUG 
====Stripe Version: 9.2.0====
====Stripe Plugin API Version: 2024-06-20====
====Start Log====
account
====End Log====

2025-02-25T14:25:31+00:00 DEBUG 
====Stripe Version: 9.2.0====
====Stripe Plugin API Version: 2024-06-20====
====Start Log====
account
====End Log====

2025-02-25T14:25:32+00:00 DEBUG 
====Stripe Version: 9.2.0====
====Stripe Plugin API Version: 2024-06-20====
====Start Log====
account
====End Log====

2025-02-25T14:25:32+00:00 DEBUG 
====Stripe Version: 9.2.0====
====Stripe Plugin API Version: 2024-06-20====
====Start Log====
account
====End Log====

2025-02-25T14:25:33+00:00 DEBUG 
====Stripe Version: 9.2.0====
====Stripe Plugin API Version: 2024-06-20====
====Start Log====
account
====End Log====

2025-02-25T14:25:33+00:00 DEBUG 
====Stripe Version: 9.2.0====
====Stripe Plugin API Version: 2024-06-20====
====Start Log====
account
====End Log====

2025-02-25T14:25:34+00:00 DEBUG 
====Stripe Version: 9.2.0====
====Stripe Plugin API Version: 2024-06-20====
====Start Log====
account
====End Log====

2025-02-25T14:25:35+00:00 DEBUG 
====Stripe Version: 9.2.0====
====Stripe Plugin API Version: 2024-06-20====
====Start Log====
account
====End Log====

2025-02-25T14:25:35+00:00 DEBUG 
====Stripe Version: 9.2.0====
====Stripe Plugin API Version: 2024-06-20====
====Start Log====
account
====End Log====

2025-02-25T14:25:36+00:00 DEBUG 
====Stripe Version: 9.2.0====
====Stripe Plugin API Version: 2024-06-20====
====Start Log====
account
====End Log====

2025-02-25T14:25:37+00:00 DEBUG 
====Stripe Version: 9.2.0====
====Stripe Plugin API Version: 2024-06-20====
====Start Log====
account
====End Log====

2025-02-25T14:25:37+00:00 DEBUG 
====Stripe Version: 9.2.0====
====Stripe Plugin API Version: 2024-06-20====
====Start Log====
account
====End Log====

2025-02-25T16:25:45+00:00 DEBUG 
====Stripe Version: 9.2.0====
====Stripe Plugin API Version: 2024-06-20====
====Start Log====
account
====End Log====

