2025-02-24T14:12:02+00:00 DEBUG 
====Stripe Version: 9.2.0====
====Stripe Plugin API Version: 2024-06-20====
====Start Log====
account
====End Log====

2025-02-24T16:12:08+00:00 DEBUG 
====Stripe Version: 9.2.0====
====Stripe Plugin API Version: 2024-06-20====
====Start Log====
account
====End Log====

2025-02-24T19:32:40+00:00 DEBUG 
====Stripe Version: 9.2.0====
====Stripe Plugin API Version: 2024-06-20====
====Start Log====
account
====End Log====

2025-02-24T19:32:41+00:00 DEBUG 
====Stripe Version: 9.2.0====
====Stripe Plugin API Version: 2024-06-20====
====Start Log====
account
====End Log====

2025-02-24T19:32:41+00:00 DEBUG 
====Stripe Version: 9.2.0====
====Stripe Plugin API Version: 2024-06-20====
====Start Log====
account
====End Log====

2025-02-24T19:32:41+00:00 DEBUG 
====Stripe Version: 9.2.0====
====Stripe Plugin API Version: 2024-06-20====
====Start Log====
account
====End Log====

2025-02-24T19:32:41+00:00 DEBUG 
====Stripe Version: 9.2.0====
====Stripe Plugin API Version: 2024-06-20====
====Start Log====
account
====End Log====

2025-02-24T19:32:41+00:00 DEBUG 
====Stripe Version: 9.2.0====
====Stripe Plugin API Version: 2024-06-20====
====Start Log====
account
====End Log====

2025-02-24T19:32:42+00:00 DEBUG 
====Stripe Version: 9.2.0====
====Stripe Plugin API Version: 2024-06-20====
====Start Log====
account
====End Log====

2025-02-24T19:32:42+00:00 DEBUG 
====Stripe Version: 9.2.0====
====Stripe Plugin API Version: 2024-06-20====
====Start Log====
account
====End Log====

2025-02-24T19:32:42+00:00 DEBUG 
====Stripe Version: 9.2.0====
====Stripe Plugin API Version: 2024-06-20====
====Start Log====
account
====End Log====

2025-02-24T19:32:42+00:00 DEBUG 
====Stripe Version: 9.2.0====
====Stripe Plugin API Version: 2024-06-20====
====Start Log====
account
====End Log====

2025-02-24T19:32:42+00:00 DEBUG 
====Stripe Version: 9.2.0====
====Stripe Plugin API Version: 2024-06-20====
====Start Log====
account
====End Log====

2025-02-24T19:32:42+00:00 DEBUG 
====Stripe Version: 9.2.0====
====Stripe Plugin API Version: 2024-06-20====
====Start Log====
account
====End Log====

2025-02-24T19:32:43+00:00 DEBUG 
====Stripe Version: 9.2.0====
====Stripe Plugin API Version: 2024-06-20====
====Start Log====
account
====End Log====

2025-02-24T19:32:43+00:00 DEBUG 
====Stripe Version: 9.2.0====
====Stripe Plugin API Version: 2024-06-20====
====Start Log====
account
====End Log====

2025-02-24T19:32:43+00:00 DEBUG 
====Stripe Version: 9.2.0====
====Stripe Plugin API Version: 2024-06-20====
====Start Log====
account
====End Log====

2025-02-24T19:32:44+00:00 DEBUG 
====Stripe Version: 9.2.0====
====Stripe Plugin API Version: 2024-06-20====
====Start Log====
account
====End Log====

2025-02-24T19:32:44+00:00 DEBUG 
====Stripe Version: 9.2.0====
====Stripe Plugin API Version: 2024-06-20====
====Start Log====
account
====End Log====

2025-02-24T19:32:44+00:00 DEBUG 
====Stripe Version: 9.2.0====
====Stripe Plugin API Version: 2024-06-20====
====Start Log====
account
====End Log====

2025-02-24T19:32:44+00:00 DEBUG 
====Stripe Version: 9.2.0====
====Stripe Plugin API Version: 2024-06-20====
====Start Log====
account
====End Log====

2025-02-24T19:32:44+00:00 DEBUG 
====Stripe Version: 9.2.0====
====Stripe Plugin API Version: 2024-06-20====
====Start Log====
account
====End Log====

2025-02-24T19:32:44+00:00 DEBUG 
====Stripe Version: 9.2.0====
====Stripe Plugin API Version: 2024-06-20====
====Start Log====
account
====End Log====

2025-02-24T19:32:45+00:00 DEBUG 
====Stripe Version: 9.2.0====
====Stripe Plugin API Version: 2024-06-20====
====Start Log====
account
====End Log====

2025-02-24T19:32:45+00:00 DEBUG 
====Stripe Version: 9.2.0====
====Stripe Plugin API Version: 2024-06-20====
====Start Log====
account
====End Log====

2025-02-24T19:32:45+00:00 DEBUG 
====Stripe Version: 9.2.0====
====Stripe Plugin API Version: 2024-06-20====
====Start Log====
account
====End Log====

2025-02-24T19:32:45+00:00 DEBUG 
====Stripe Version: 9.2.0====
====Stripe Plugin API Version: 2024-06-20====
====Start Log====
account
====End Log====

2025-02-24T19:32:46+00:00 DEBUG 
====Stripe Version: 9.2.0====
====Stripe Plugin API Version: 2024-06-20====
====Start Log====
account
====End Log====

2025-02-24T19:32:46+00:00 DEBUG 
====Stripe Version: 9.2.0====
====Stripe Plugin API Version: 2024-06-20====
====Start Log====
account
====End Log====

2025-02-24T19:32:46+00:00 DEBUG 
====Stripe Version: 9.2.0====
====Stripe Plugin API Version: 2024-06-20====
====Start Log====
account
====End Log====

2025-02-24T19:32:46+00:00 DEBUG 
====Stripe Version: 9.2.0====
====Stripe Plugin API Version: 2024-06-20====
====Start Log====
account
====End Log====

2025-02-24T19:32:46+00:00 DEBUG 
====Stripe Version: 9.2.0====
====Stripe Plugin API Version: 2024-06-20====
====Start Log====
account
====End Log====

2025-02-24T19:32:47+00:00 DEBUG 
====Stripe Version: 9.2.0====
====Stripe Plugin API Version: 2024-06-20====
====Start Log====
account
====End Log====

2025-02-24T19:32:47+00:00 DEBUG 
====Stripe Version: 9.2.0====
====Stripe Plugin API Version: 2024-06-20====
====Start Log====
account
====End Log====

2025-02-24T19:32:47+00:00 DEBUG 
====Stripe Version: 9.2.0====
====Stripe Plugin API Version: 2024-06-20====
====Start Log====
account
====End Log====

2025-02-24T19:32:47+00:00 DEBUG 
====Stripe Version: 9.2.0====
====Stripe Plugin API Version: 2024-06-20====
====Start Log====
account
====End Log====

2025-02-24T19:32:47+00:00 DEBUG 
====Stripe Version: 9.2.0====
====Stripe Plugin API Version: 2024-06-20====
====Start Log====
account
====End Log====

2025-02-24T19:32:48+00:00 DEBUG 
====Stripe Version: 9.2.0====
====Stripe Plugin API Version: 2024-06-20====
====Start Log====
account
====End Log====

2025-02-24T19:32:48+00:00 DEBUG 
====Stripe Version: 9.2.0====
====Stripe Plugin API Version: 2024-06-20====
====Start Log====
account
====End Log====

2025-02-24T19:32:48+00:00 DEBUG 
====Stripe Version: 9.2.0====
====Stripe Plugin API Version: 2024-06-20====
====Start Log====
account
====End Log====

2025-02-24T19:32:48+00:00 DEBUG 
====Stripe Version: 9.2.0====
====Stripe Plugin API Version: 2024-06-20====
====Start Log====
account
====End Log====

2025-02-24T19:32:49+00:00 DEBUG 
====Stripe Version: 9.2.0====
====Stripe Plugin API Version: 2024-06-20====
====Start Log====
account
====End Log====

2025-02-24T19:32:49+00:00 DEBUG 
====Stripe Version: 9.2.0====
====Stripe Plugin API Version: 2024-06-20====
====Start Log====
account
====End Log====

2025-02-24T19:32:49+00:00 DEBUG 
====Stripe Version: 9.2.0====
====Stripe Plugin API Version: 2024-06-20====
====Start Log====
account
====End Log====

2025-02-24T19:32:49+00:00 DEBUG 
====Stripe Version: 9.2.0====
====Stripe Plugin API Version: 2024-06-20====
====Start Log====
account
====End Log====

